<?xml version="1.0" encoding="UTF-8"?>
<!-- Generated by org.testng.reporters.JUnitReportReporter -->
<testsuite hostname="DESKTOP-74IPH7I" failures="0" tests="3" name="testng.testngdemo1" time="18.920" errors="0" timestamp="2024-04-04T00:12:08 IST" skipped="0">
  <testcase classname="testng.testngdemo1" name="test_OrangeHRM_PIM_Update" time="2.032"/>
  <testcase classname="testng.testngdemo1" name="test_OrangeHRM_PIM_Delete" time="7.341"/>
  <testcase classname="testng.testngdemo1" name="test_OrangeHRM_PIM_Creation" time="9.547"/>
</testsuite> <!-- testng.testngdemo1 -->
